2021-12-13 11:14:52.375  INFO 9155 --- [Test worker] x.s.c.ConnectTestApplicationTests        : Starting ConnectTestApplicationTests using Java 11.0.12 on soulspace-Legion-Y7000P-2019 with PID 9155 (started by soulspace in /home/soulspace/Documents/IDEA_Projects/connect_test)
2021-12-13 11:14:52.376  INFO 9155 --- [Test worker] x.s.c.ConnectTestApplicationTests        : No active profile set, falling back to default profiles: default
2021-12-13 11:14:52.982  INFO 9155 --- [Test worker] .s.d.r.c.RepositoryConfigurationDelegate : Multiple Spring Data modules found, entering strict repository configuration mode!
2021-12-13 11:14:52.984  INFO 9155 --- [Test worker] .s.d.r.c.RepositoryConfigurationDelegate : Bootstrapping Spring Data Elasticsearch repositories in DEFAULT mode.
2021-12-13 11:14:52.994  INFO 9155 --- [Test worker] .s.d.r.c.RepositoryConfigurationDelegate : Finished Spring Data repository scanning in 5 ms. Found 0 Elasticsearch repository interfaces.
2021-12-13 11:14:52.998  INFO 9155 --- [Test worker] .s.d.r.c.RepositoryConfigurationDelegate : Multiple Spring Data modules found, entering strict repository configuration mode!
2021-12-13 11:14:52.998  INFO 9155 --- [Test worker] .s.d.r.c.RepositoryConfigurationDelegate : Bootstrapping Spring Data Reactive Elasticsearch repositories in DEFAULT mode.
2021-12-13 11:14:53.001  INFO 9155 --- [Test worker] .s.d.r.c.RepositoryConfigurationDelegate : Finished Spring Data repository scanning in 2 ms. Found 0 Reactive Elasticsearch repository interfaces.
2021-12-13 11:14:53.013  INFO 9155 --- [Test worker] .s.d.r.c.RepositoryConfigurationDelegate : Multiple Spring Data modules found, entering strict repository configuration mode!
2021-12-13 11:14:53.015  INFO 9155 --- [Test worker] .s.d.r.c.RepositoryConfigurationDelegate : Bootstrapping Spring Data Redis repositories in DEFAULT mode.
2021-12-13 11:14:53.024  INFO 9155 --- [Test worker] .s.d.r.c.RepositoryConfigurationDelegate : Finished Spring Data repository scanning in 2 ms. Found 0 Redis repository interfaces.
2021-12-13 11:14:54.276  INFO 9155 --- [Test worker] o.s.b.a.w.s.WelcomePageHandlerMapping    : Adding welcome page: class path resource [static/index.html]
2021-12-13 11:14:55.584  INFO 9155 --- [Test worker] x.s.c.ConnectTestApplicationTests        : Started ConnectTestApplicationTests in 3.475 seconds (JVM running for 4.505)
2021-12-13 11:14:56.274  INFO 9155 --- [Test worker] com.alibaba.druid.pool.DruidDataSource   : {dataSource-1} inited
2021-12-13 11:14:56.624  INFO 9155 --- [SpringApplicationShutdownHook] com.alibaba.druid.pool.DruidDataSource   : {dataSource-1} closing ...
2021-12-13 11:14:56.652  INFO 9155 --- [SpringApplicationShutdownHook] com.alibaba.druid.pool.DruidDataSource   : {dataSource-1} closed
2021-12-13 11:15:43.509  INFO 9454 --- [restartedMain] x.s.connect_test.ConnectTestApplication  : Starting ConnectTestApplication using Java 11.0.12 on soulspace-Legion-Y7000P-2019 with PID 9454 (/home/soulspace/Documents/IDEA_Projects/connect_test/build/classes/java/main started by soulspace in /home/soulspace/Documents/IDEA_Projects/connect_test)
2021-12-13 11:15:43.509  INFO 9454 --- [restartedMain] x.s.connect_test.ConnectTestApplication  : No active profile set, falling back to default profiles: default
2021-12-13 11:15:43.536  INFO 9454 --- [restartedMain] .e.DevToolsPropertyDefaultsPostProcessor : Devtools property defaults active! Set 'spring.devtools.add-properties' to 'false' to disable
2021-12-13 11:15:43.536  INFO 9454 --- [restartedMain] .e.DevToolsPropertyDefaultsPostProcessor : For additional web related logging consider setting the 'logging.level.web' property to 'DEBUG'
2021-12-13 11:15:43.947  INFO 9454 --- [restartedMain] .s.d.r.c.RepositoryConfigurationDelegate : Multiple Spring Data modules found, entering strict repository configuration mode!
2021-12-13 11:15:43.949  INFO 9454 --- [restartedMain] .s.d.r.c.RepositoryConfigurationDelegate : Bootstrapping Spring Data Elasticsearch repositories in DEFAULT mode.
2021-12-13 11:15:43.957  INFO 9454 --- [restartedMain] .s.d.r.c.RepositoryConfigurationDelegate : Finished Spring Data repository scanning in 4 ms. Found 0 Elasticsearch repository interfaces.
2021-12-13 11:15:43.959  INFO 9454 --- [restartedMain] .s.d.r.c.RepositoryConfigurationDelegate : Multiple Spring Data modules found, entering strict repository configuration mode!
2021-12-13 11:15:43.960  INFO 9454 --- [restartedMain] .s.d.r.c.RepositoryConfigurationDelegate : Bootstrapping Spring Data Reactive Elasticsearch repositories in DEFAULT mode.
2021-12-13 11:15:43.962  INFO 9454 --- [restartedMain] .s.d.r.c.RepositoryConfigurationDelegate : Finished Spring Data repository scanning in 1 ms. Found 0 Reactive Elasticsearch repository interfaces.
2021-12-13 11:15:43.970  INFO 9454 --- [restartedMain] .s.d.r.c.RepositoryConfigurationDelegate : Multiple Spring Data modules found, entering strict repository configuration mode!
2021-12-13 11:15:43.971  INFO 9454 --- [restartedMain] .s.d.r.c.RepositoryConfigurationDelegate : Bootstrapping Spring Data Redis repositories in DEFAULT mode.
2021-12-13 11:15:43.977  INFO 9454 --- [restartedMain] .s.d.r.c.RepositoryConfigurationDelegate : Finished Spring Data repository scanning in 2 ms. Found 0 Redis repository interfaces.
2021-12-13 11:15:44.307  INFO 9454 --- [restartedMain] o.s.b.w.embedded.tomcat.TomcatWebServer  : Tomcat initialized with port(s): 8443 (http)
2021-12-13 11:15:44.313  INFO 9454 --- [restartedMain] o.apache.catalina.core.StandardService   : Starting service [Tomcat]
2021-12-13 11:15:44.313  INFO 9454 --- [restartedMain] org.apache.catalina.core.StandardEngine  : Starting Servlet engine: [Apache Tomcat/9.0.55]
2021-12-13 11:15:44.352  INFO 9454 --- [restartedMain] o.a.c.c.C.[Tomcat].[localhost].[/]       : Initializing Spring embedded WebApplicationContext
2021-12-13 11:15:44.352  INFO 9454 --- [restartedMain] w.s.c.ServletWebServerApplicationContext : Root WebApplicationContext: initialization completed in 816 ms
2021-12-13 11:15:44.675  INFO 9454 --- [restartedMain] o.s.b.a.w.s.WelcomePageHandlerMapping    : Adding welcome page: class path resource [static/index.html]
2021-12-13 11:15:45.102  INFO 9454 --- [restartedMain] o.s.b.d.a.OptionalLiveReloadServer       : LiveReload server is running on port 35729
2021-12-13 11:15:45.123  INFO 9454 --- [restartedMain] o.s.b.w.embedded.tomcat.TomcatWebServer  : Tomcat started on port(s): 8443 (http) with context path ''
2021-12-13 11:15:45.130  INFO 9454 --- [restartedMain] x.s.connect_test.ConnectTestApplication  : Started ConnectTestApplication in 1.904 seconds (JVM running for 2.416)
2021-12-13 11:15:46.915  INFO 9454 --- [SpringApplicationShutdownHook] com.alibaba.druid.pool.DruidDataSource   : {dataSource-0} closing ...
